[INFO] Stopping any running containers...
time="2025-04-01T21:15:56+07:00" level=warning msg="C:\\Users\\ADMIN\\Workspace\\Graduation_Project\\ecommerce-backend\\docker-compose.yml: `version` is obsolete"
 Container ecommerce-backend-app-1  Stopping
 Container ecommerce-backend-app-1  Stopped
 Container ecommerce-backend-app-1  Removing
 Container ecommerce-backend-app-1  Removed
 Container ecommerce-backend-postgres-1  Stopping
 Container ecommerce-backend-postgres-1  Stopped
 Container ecommerce-backend-postgres-1  Removing
 Container ecommerce-backend-postgres-1  Removed
 Network ecommerce-backend_ecommerce-network  Removing
 Network ecommerce-backend_ecommerce-network  Removed
[INFO] Building services...
time="2025-04-01T21:15:57+07:00" level=warning msg="C:\\Users\\ADMIN\\Workspace\\Graduation_Project\\ecommerce-backend\\docker-compose.yml: `version` is obsolete"
#0 building with "desktop-linux" instance using docker driver

#1 [app internal] load build definition from Dockerfile
#1 transferring dockerfile: 699B done
#1 DONE 0.0s

#2 [app internal] load metadata for docker.io/library/maven:3.9.8-eclipse-temurin-17
#2 DONE 2.3s

#3 [app internal] load metadata for docker.io/library/eclipse-temurin:17-jre-alpine
#3 DONE 2.4s

#4 [app internal] load .dockerignore
#4 transferring context: 2B done
#4 DONE 0.0s

#5 [app build 1/9] FROM docker.io/library/maven:3.9.8-eclipse-temurin-17@sha256:d62e34e458c64b13e7a38ec055264082b4235a1ea2c3b3d881ad04d6ca20311e
#5 DONE 0.0s

#6 [app stage-1 1/3] FROM docker.io/library/eclipse-temurin:17-jre-alpine@sha256:865cca6d0b31f284a5fc4e8cbd8f9375f470fd07cf6e909cea62f2790d4187fe
#6 DONE 0.0s

#7 [app internal] load build context
#7 transferring context: 22.40kB 0.0s done
#7 DONE 0.1s

#8 [app build 2/9] WORKDIR /app
#8 CACHED

#9 [app build 3/9] COPY pom.xml .
#9 CACHED

#10 [app build 4/9] RUN --mount=type=cache,target=/root/.m2 mvn dependency:go-offline
#10 CACHED

#11 [app build 5/9] COPY src ./src
#11 DONE 0.1s

#12 [app build 6/9] COPY .mvn ./.mvn
#12 DONE 0.1s

#13 [app build 7/9] COPY mvnw .
#13 DONE 0.1s

#14 [app build 8/9] COPY mvnw.cmd .
#14 DONE 0.1s

#15 [app build 9/9] RUN --mount=type=cache,target=/root/.m2 mvn clean package -DskipTests
#15 1.958 [INFO] Scanning for projects...
#15 2.254 [INFO] 
#15 2.255 [INFO] --------------------< com.hcmus:ecommerce-backend >---------------------
#15 2.255 [INFO] Building ecommerce-backend 0.0.1-SNAPSHOT
#15 2.255 [INFO]   from pom.xml
#15 2.255 [INFO] --------------------------------[ jar ]---------------------------------
#15 2.823 [INFO] 
#15 2.824 [INFO] --- clean:3.4.1:clean (default-clean) @ ecommerce-backend ---
#15 2.891 [INFO] 
#15 2.891 [INFO] --- resources:3.3.1:resources (default-resources) @ ecommerce-backend ---
#15 3.056 [INFO] Copying 1 resource from src/main/resources to target/classes
#15 3.079 [INFO] Copying 0 resource from src/main/resources to target/classes
#15 3.081 [INFO] 
#15 3.081 [INFO] --- compiler:3.13.0:compile (default-compile) @ ecommerce-backend ---
#15 3.260 [INFO] Recompiling the module because of changed source code.
#15 3.269 [INFO] Compiling 114 source files with javac [debug parameters release 17] to target/classes
#15 10.70 [INFO] -------------------------------------------------------------
#15 10.70 [WARNING] COMPILATION WARNING : 
#15 10.70 [INFO] -------------------------------------------------------------
#15 10.70 [WARNING] /app/src/main/java/com/hcmus/ecommerce_backend/review/model/mapper/ReviewMapper.java:[15,12] Unmapped target properties: "createdAt, createdBy, updatedAt, updatedBy".
#15 10.70 [INFO] 1 warning
#15 10.70 [INFO] -------------------------------------------------------------
#15 10.70 [INFO] -------------------------------------------------------------
#15 10.70 [ERROR] COMPILATION ERROR : 
#15 10.70 [INFO] -------------------------------------------------------------
#15 10.70 [ERROR] /app/src/main/java/com/hcmus/ecommerce_backend/review/service/impl/ReviewServiceImpl.java:[144,60] cannot find symbol
#15 10.70   symbol:   method findByRatingBetweenOrderByReviewTimeDesc(java.lang.Integer,java.lang.Integer)
#15 10.70   location: variable reviewRepository of type com.hcmus.ecommerce_backend.review.repository.ReviewRepository
#15 10.70 [INFO] 1 error
#15 10.70 [INFO] -------------------------------------------------------------
#15 10.70 [INFO] ------------------------------------------------------------------------
#15 10.70 [INFO] BUILD FAILURE
#15 10.70 [INFO] ------------------------------------------------------------------------
#15 10.70 [INFO] Total time:  8.782 s
#15 10.70 [INFO] Finished at: 2025-04-01T14:16:11Z
#15 10.70 [INFO] ------------------------------------------------------------------------
#15 10.70 [ERROR] Failed to execute goal org.apache.maven.plugins:maven-compiler-plugin:3.13.0:compile (default-compile) on project ecommerce-backend: Compilation failure
#15 10.70 [ERROR] /app/src/main/java/com/hcmus/ecommerce_backend/review/service/impl/ReviewServiceImpl.java:[144,60] cannot find symbol
#15 10.70 [ERROR]   symbol:   method findByRatingBetweenOrderByReviewTimeDesc(java.lang.Integer,java.lang.Integer)
#15 10.70 [ERROR]   location: variable reviewRepository of type com.hcmus.ecommerce_backend.review.repository.ReviewRepository
#15 10.70 [ERROR] 
#15 10.70 [ERROR] -> [Help 1]
#15 10.70 [ERROR] 
#15 10.70 [ERROR] To see the full stack trace of the errors, re-run Maven with the -e switch.
#15 10.71 [ERROR] Re-run Maven using the -X switch to enable full debug logging.
#15 10.71 [ERROR] 
#15 10.71 [ERROR] For more information about the errors and possible solutions, please read the following articles:
#15 10.71 [ERROR] [Help 1] http://cwiki.apache.org/confluence/display/MAVEN/MojoFailureException
#15 ERROR: process "/bin/sh -c mvn clean package -DskipTests" did not complete successfully: exit code: 1
------
 > [app build 9/9] RUN --mount=type=cache,target=/root/.m2 mvn clean package -DskipTests:
10.70 [ERROR]   symbol:   method findByRatingBetweenOrderByReviewTimeDesc(java.lang.Integer,java.lang.Integer)
10.70 [ERROR]   location: variable reviewRepository of type com.hcmus.ecommerce_backend.review.repository.ReviewRepository
10.70 [ERROR] 
10.70 [ERROR] -> [Help 1]
10.70 [ERROR] 
10.70 [ERROR] To see the full stack trace of the errors, re-run Maven with the -e switch.
10.71 [ERROR] Re-run Maven using the -X switch to enable full debug logging.
10.71 [ERROR] 
10.71 [ERROR] For more information about the errors and possible solutions, please read the following articles:
10.71 [ERROR] [Help 1] http://cwiki.apache.org/confluence/display/MAVEN/MojoFailureException
------
failed to solve: process "/bin/sh -c mvn clean package -DskipTests" did not complete successfully: exit code: 1
